[{"line":2,"elements":[{"line":3,"name":"","description":"","type":"background","keyword":"Background","steps":[{"result":{"duration":8585801400,"status":"passed"},"line":4,"name":"user is on the login page of swag lab","match":{"location":"StepDefinition.LoginTest.user_is_on_the_login_page_of_swag_lab()"},"keyword":"Given "}]},{"start_timestamp":"2023-08-29T11:41:42.458Z","line":7,"name":"check the login functionality for valid data","description":"","id":"validate-login-functionality-for-swag-labs-application;check-the-login-functionality-for-valid-data","type":"scenario","keyword":"Scenario","steps":[{"result":{"error_message":"org.openqa.selenium.NoSuchElementException: no such element: Unable to locate element: {\"method\":\"xpath\",\"selector\":\"//*[@id=\"user-na\"]\"}\n  (Session info: chrome=116.0.5845.111)\nFor documentation on this error, please visit: https://www.selenium.dev/documentation/webdriver/troubleshooting/errors#no-such-element-exception\nBuild info: version: '4.11.0', revision: '040bc5406b'\nSystem info: os.name: 'Windows 11', os.arch: 'amd64', os.version: '10.0', java.version: '17.0.5'\nDriver info: org.openqa.selenium.chrome.ChromeDriver\nCommand: [150f2bab7c5c3e641e88da0cefddf4d1, findElement {using=xpath, value=//*[@id=\"user-na\"]}]\nCapabilities {acceptInsecureCerts: false, browserName: chrome, browserVersion: 116.0.5845.111, chrome: {chromedriverVersion: 116.0.5845.96 (1a3918166880..., userDataDir: C:\\WINDOWS\\SystemTemp\\scope...}, fedcm:accounts: true, goog:chromeOptions: {debuggerAddress: localhost:62469}, networkConnectionEnabled: false, pageLoadStrategy: normal, platformName: windows, proxy: Proxy(), se:cdp: ws://localhost:62469/devtoo..., se:cdpVersion: 116.0.5845.111, setWindowRect: true, strictFileInteractability: false, timeouts: {implicit: 0, pageLoad: 300000, script: 30000}, unhandledPromptBehavior: dismiss and notify, webauthn:extension:credBlob: true, webauthn:extension:largeBlob: true, webauthn:extension:minPinLength: true, webauthn:extension:prf: true, webauthn:virtualAuthenticators: true}\nSession ID: 150f2bab7c5c3e641e88da0cefddf4d1\r\n\tat java.base/jdk.internal.reflect.NativeConstructorAccessorImpl.newInstance0(Native Method)\r\n\tat java.base/jdk.internal.reflect.NativeConstructorAccessorImpl.newInstance(NativeConstructorAccessorImpl.java:77)\r\n\tat java.base/jdk.internal.reflect.DelegatingConstructorAccessorImpl.newInstance(DelegatingConstructorAccessorImpl.java:45)\r\n\tat java.base/java.lang.reflect.Constructor.newInstanceWithCaller(Constructor.java:499)\r\n\tat java.base/java.lang.reflect.Constructor.newInstance(Constructor.java:480)\r\n\tat org.openqa.selenium.remote.codec.w3c.W3CHttpResponseCodec.createException(W3CHttpResponseCodec.java:200)\r\n\tat org.openqa.selenium.remote.codec.w3c.W3CHttpResponseCodec.decode(W3CHttpResponseCodec.java:133)\r\n\tat org.openqa.selenium.remote.codec.w3c.W3CHttpResponseCodec.decode(W3CHttpResponseCodec.java:52)\r\n\tat org.openqa.selenium.remote.HttpCommandExecutor.execute(HttpCommandExecutor.java:191)\r\n\tat org.openqa.selenium.remote.service.DriverCommandExecutor.invokeExecute(DriverCommandExecutor.java:196)\r\n\tat org.openqa.selenium.remote.service.DriverCommandExecutor.execute(DriverCommandExecutor.java:171)\r\n\tat org.openqa.selenium.remote.RemoteWebDriver.execute(RemoteWebDriver.java:518)\r\n\tat org.openqa.selenium.remote.ElementLocation$ElementFinder$2.findElement(ElementLocation.java:165)\r\n\tat org.openqa.selenium.remote.ElementLocation.findElement(ElementLocation.java:59)\r\n\tat org.openqa.selenium.remote.RemoteWebDriver.findElement(RemoteWebDriver.java:355)\r\n\tat org.openqa.selenium.remote.RemoteWebDriver.findElement(RemoteWebDriver.java:349)\r\n\tat org.openqa.selenium.support.pagefactory.DefaultElementLocator.findElement(DefaultElementLocator.java:68)\r\n\tat org.openqa.selenium.support.pagefactory.internal.LocatingElementHandler.invoke(LocatingElementHandler.java:38)\r\n\tat jdk.proxy2/jdk.proxy2.$Proxy28.sendKeys(Unknown Source)\r\n\tat pageFactory.LoginFactory.swaglog(LoginFactory.java:66)\r\n\tat StepDefinition.LoginTest.user_enter_uname_password(LoginTest.java:34)\r\n\tat ✽.user enter uname & password(file:///C:/Users/deedhole/eclipse-workspace/DemoAmazon/src/test/java/Feature/Login.feature:8)\r\n","duration":199427000,"status":"failed"},"line":8,"name":"user enter uname & password","match":{"location":"StepDefinition.LoginTest.user_enter_uname_password()"},"keyword":"When "},{"result":{"duration":1016800,"status":"skipped"},"line":9,"name":"user clicks on login button","match":{"location":"StepDefinition.LoginTest.user_clicks_on_login_button()"},"keyword":"And "},{"result":{"duration":1998600,"status":"skipped"},"line":10,"name":"Login should be successful","match":{"location":"StepDefinition.LoginTest.login_should_be_successful()"},"keyword":"Then "}],"tags":[{"name":"@login"},{"name":"@log1"}]},{"line":3,"name":"","description":"","type":"background","keyword":"Background","steps":[{"result":{"duration":6469406500,"status":"passed"},"line":4,"name":"user is on the login page of swag lab","match":{"location":"StepDefinition.LoginTest.user_is_on_the_login_page_of_swag_lab()"},"keyword":"Given "}]},{"start_timestamp":"2023-08-29T11:41:51.690Z","line":13,"name":"check the login functionality for invalid data","description":"","id":"validate-login-functionality-for-swag-labs-application;check-the-login-functionality-for-invalid-data","type":"scenario","keyword":"Scenario","steps":[{"result":{"error_message":"org.openqa.selenium.NoSuchElementException: no such element: Unable to locate element: {\"method\":\"xpath\",\"selector\":\"//*[@id=\"user-na\"]\"}\n  (Session info: chrome=116.0.5845.111)\nFor documentation on this error, please visit: https://www.selenium.dev/documentation/webdriver/troubleshooting/errors#no-such-element-exception\nBuild info: version: '4.11.0', revision: '040bc5406b'\nSystem info: os.name: 'Windows 11', os.arch: 'amd64', os.version: '10.0', java.version: '17.0.5'\nDriver info: org.openqa.selenium.chrome.ChromeDriver\nCommand: [fecb76fe4e5f4b746193a9c1039919cd, findElement {using=xpath, value=//*[@id=\"user-na\"]}]\nCapabilities {acceptInsecureCerts: false, browserName: chrome, browserVersion: 116.0.5845.111, chrome: {chromedriverVersion: 116.0.5845.96 (1a3918166880..., userDataDir: C:\\WINDOWS\\SystemTemp\\scope...}, fedcm:accounts: true, goog:chromeOptions: {debuggerAddress: localhost:62491}, networkConnectionEnabled: false, pageLoadStrategy: normal, platformName: windows, proxy: Proxy(), se:cdp: ws://localhost:62491/devtoo..., se:cdpVersion: 116.0.5845.111, setWindowRect: true, strictFileInteractability: false, timeouts: {implicit: 0, pageLoad: 300000, script: 30000}, unhandledPromptBehavior: dismiss and notify, webauthn:extension:credBlob: true, webauthn:extension:largeBlob: true, webauthn:extension:minPinLength: true, webauthn:extension:prf: true, webauthn:virtualAuthenticators: true}\nSession ID: fecb76fe4e5f4b746193a9c1039919cd\r\n\tat java.base/jdk.internal.reflect.NativeConstructorAccessorImpl.newInstance0(Native Method)\r\n\tat java.base/jdk.internal.reflect.NativeConstructorAccessorImpl.newInstance(NativeConstructorAccessorImpl.java:77)\r\n\tat java.base/jdk.internal.reflect.DelegatingConstructorAccessorImpl.newInstance(DelegatingConstructorAccessorImpl.java:45)\r\n\tat java.base/java.lang.reflect.Constructor.newInstanceWithCaller(Constructor.java:499)\r\n\tat java.base/java.lang.reflect.Constructor.newInstance(Constructor.java:480)\r\n\tat org.openqa.selenium.remote.codec.w3c.W3CHttpResponseCodec.createException(W3CHttpResponseCodec.java:200)\r\n\tat org.openqa.selenium.remote.codec.w3c.W3CHttpResponseCodec.decode(W3CHttpResponseCodec.java:133)\r\n\tat org.openqa.selenium.remote.codec.w3c.W3CHttpResponseCodec.decode(W3CHttpResponseCodec.java:52)\r\n\tat org.openqa.selenium.remote.HttpCommandExecutor.execute(HttpCommandExecutor.java:191)\r\n\tat org.openqa.selenium.remote.service.DriverCommandExecutor.invokeExecute(DriverCommandExecutor.java:196)\r\n\tat org.openqa.selenium.remote.service.DriverCommandExecutor.execute(DriverCommandExecutor.java:171)\r\n\tat org.openqa.selenium.remote.RemoteWebDriver.execute(RemoteWebDriver.java:518)\r\n\tat org.openqa.selenium.remote.ElementLocation$ElementFinder$2.findElement(ElementLocation.java:165)\r\n\tat org.openqa.selenium.remote.ElementLocation.findElement(ElementLocation.java:59)\r\n\tat org.openqa.selenium.remote.RemoteWebDriver.findElement(RemoteWebDriver.java:355)\r\n\tat org.openqa.selenium.remote.RemoteWebDriver.findElement(RemoteWebDriver.java:349)\r\n\tat org.openqa.selenium.support.pagefactory.DefaultElementLocator.findElement(DefaultElementLocator.java:68)\r\n\tat org.openqa.selenium.support.pagefactory.internal.LocatingElementHandler.invoke(LocatingElementHandler.java:38)\r\n\tat jdk.proxy2/jdk.proxy2.$Proxy28.sendKeys(Unknown Source)\r\n\tat pageFactory.LoginFactory.swaglog(LoginFactory.java:66)\r\n\tat StepDefinition.LoginTest.user_enter_invalid_uname_password(LoginTest.java:54)\r\n\tat ✽.user enter invalid uname & password(file:///C:/Users/deedhole/eclipse-workspace/DemoAmazon/src/test/java/Feature/Login.feature:14)\r\n","duration":63617100,"status":"failed"},"line":14,"name":"user enter invalid uname & password","match":{"location":"StepDefinition.LoginTest.user_enter_invalid_uname_password()"},"keyword":"When "},{"result":{"duration":5380200,"status":"skipped"},"line":15,"name":"user clicks on login button","match":{"location":"StepDefinition.LoginTest.user_clicks_on_login_button()"},"keyword":"And "},{"result":{"duration":7933800,"status":"skipped"},"line":16,"name":"error msg should be displayed","match":{"location":"StepDefinition.LoginTest.error_msg_should_be_displayed()"},"keyword":"Then "}],"tags":[{"name":"@login"},{"name":"@log2"}]}],"name":"validate Login Functionality for swag labs application","description":"","id":"validate-login-functionality-for-swag-labs-application","keyword":"Feature","uri":"file:src/test/java/Feature/Login.feature","tags":[{"name":"@login","type":"Tag","location":{"line":1,"column":1}}]}]